{"name": "test_login", "status": "failed", "statusDetails": {"message": "AssertionError: assert 'Welcome squishyy251225' in '<html lang=\"en\"><head><style class=\"vjs-styles-defaults\">\\n      .video-js {\\n        width: 300px;\\n        height: ...verse\">\\n    <p class=\"m-0 text-center text-white\">Copyright © Product Store 2017</p>\\n  </footer>\\n\\n\\n</body></html>'\n +  where '<html lang=\"en\"><head><style class=\"vjs-styles-defaults\">\\n      .video-js {\\n        width: 300px;\\n        height: ...verse\">\\n    <p class=\"m-0 text-center text-white\">Copyright © Product Store 2017</p>\\n  </footer>\\n\\n\\n</body></html>' = <selenium.webdriver.chrome.webdriver.WebDriver (session=\"2a71911dbd27bd8c46bb6ab5cb6bbb65\")>.page_source", "trace": "driver = <selenium.webdriver.chrome.webdriver.WebDriver (session=\"2a71911dbd27bd8c46bb6ab5cb6bbb65\")>\n\n    def test_login(driver):\n        driver.get('https://www.demoblaze.com')\n    \n        # Tunggu hingga URL mengandung kata 'demoblaze'\n        wait = WebDriverWait(driver, 10)  # Waktu tunggu maksimum 10 detik\n        wait.until(EC.url_contains(\"demoblaze\"))\n    \n        login_button = driver.find_element(By.ID, 'login2')\n        login_button.click()\n    \n        driver.find_element(By.ID, 'loginusername').send_keys('squishyy251225')\n        time.sleep(2)\n        driver.find_element(By.ID, 'loginpassword').send_keys('password123')\n    \n        time.sleep(2)\n    \n        elementXpath = driver.find_element(By.XPATH, '//*[@id=\"logInModal\"]/div/div/div[3]/button[2]').click()\n    \n        time.sleep(2)\n        take_screenshot(driver, \"after_login\")\n>       assert \"Welcome squishyy251225\" in driver.page_source  # Memastikan login berhasil\nE       assert 'Welcome squishyy251225' in '<html lang=\"en\"><head><style class=\"vjs-styles-defaults\">\\n      .video-js {\\n        width: 300px;\\n        height: ...verse\">\\n    <p class=\"m-0 text-center text-white\">Copyright © Product Store 2017</p>\\n  </footer>\\n\\n\\n</body></html>'\nE        +  where '<html lang=\"en\"><head><style class=\"vjs-styles-defaults\">\\n      .video-js {\\n        width: 300px;\\n        height: ...verse\">\\n    <p class=\"m-0 text-center text-white\">Copyright © Product Store 2017</p>\\n  </footer>\\n\\n\\n</body></html>' = <selenium.webdriver.chrome.webdriver.WebDriver (session=\"2a71911dbd27bd8c46bb6ab5cb6bbb65\")>.page_source\n\nmaintest.py:74: AssertionError"}, "attachments": [{"name": "after_login", "source": "9baed19c-cd2e-4b02-b685-ca89a7c1be7e-attachment.png", "type": "image/png"}], "start": 1740104742989, "stop": 1740104750270, "uuid": "fb27ba53-82db-42e8-b600-b3f407631aa8", "historyId": "935ff0d9b242544213ea39a00a41d1e9", "testCaseId": "935ff0d9b242544213ea39a00a41d1e9", "fullName": "maintest#test_login", "labels": [{"name": "suite", "value": "maintest"}, {"name": "host", "value": "novalrizkys-MacBook-Air.local"}, {"name": "thread", "value": "35502-MainThread"}, {"name": "framework", "value": "pytest"}, {"name": "language", "value": "cpython3"}, {"name": "package", "value": "maintest"}]}